  stdafx.cpp
  unittest1.cpp
LINK : warning LNK4075: ignoring '/INCREMENTAL' due to '/LTCG' specification
LINK : fatal error C1905: Front end and back end not compatible (must target same processor).
LINK : fatal error LNK1257: code generation failed
