    正在创建库 C:\Users\Administrator\Desktop\personal-project\Cplusplus\031602502\src\x64\Debug\WordCountUnitTest.lib 和对象 C:\Users\Administrator\Desktop\personal-project\Cplusplus\031602502\src\x64\Debug\WordCountUnitTest.exp
unittest1.obj : error LNK2019: 无法解析的外部符号 "public: __cdecl Statistics::Statistics(class std::vector<class std::basic_string<char,struct std::char_traits<char>,class std::allocator<char> >,class std::allocator<class std::basic_string<char,struct std::char_traits<char>,class std::allocator<char> > > > &)" (??0Statistics@@QEAA@AEAV?$vector@V?$basic_string@DU?$char_traits@D@std@@V?$allocator@D@2@@std@@V?$allocator@V?$basic_string@DU?$char_traits@D@std@@V?$allocator@D@2@@std@@@2@@std@@@Z)，该符号在函数 "public: void __cdecl WordCountUnitTest::UnitTest1::TestMethod1(void)" (?TestMethod1@UnitTest1@WordCountUnitTest@@QEAAXXZ) 中被引用
unittest1.obj : error LNK2019: 无法解析的外部符号 "public: __cdecl Statistics::~Statistics(void)" (??1Statistics@@QEAA@XZ)，该符号在函数 "public: void __cdecl WordCountUnitTest::UnitTest1::TestMethod1(void)" (?TestMethod1@UnitTest1@WordCountUnitTest@@QEAAXXZ) 中被引用
unittest1.obj : error LNK2019: 无法解析的外部符号 "public: int __cdecl Statistics::getCharNumber(void)" (?getCharNumber@Statistics@@QEAAHXZ)，该符号在函数 "public: void __cdecl WordCountUnitTest::UnitTest1::TestMethod1(void)" (?TestMethod1@UnitTest1@WordCountUnitTest@@QEAAXXZ) 中被引用
unittest1.obj : error LNK2019: 无法解析的外部符号 "public: int __cdecl Statistics::getWordNumber(void)" (?getWordNumber@Statistics@@QEAAHXZ)，该符号在函数 "public: void __cdecl WordCountUnitTest::UnitTest1::TestMethod1(void)" (?TestMethod1@UnitTest1@WordCountUnitTest@@QEAAXXZ) 中被引用
unittest1.obj : error LNK2019: 无法解析的外部符号 "public: int __cdecl Statistics::getLineNumber(void)" (?getLineNumber@Statistics@@QEAAHXZ)，该符号在函数 "public: void __cdecl WordCountUnitTest::UnitTest1::TestMethod1(void)" (?TestMethod1@UnitTest1@WordCountUnitTest@@QEAAXXZ) 中被引用
unittest1.obj : error LNK2019: 无法解析的外部符号 "public: class std::vector<class std::_Tree_iterator<class std::_Tree_val<struct std::_Tree_simple_types<struct std::pair<class std::basic_string<char,struct std::char_traits<char>,class std::allocator<char> > const ,int> > > >,class std::allocator<class std::_Tree_iterator<class std::_Tree_val<struct std::_Tree_simple_types<struct std::pair<class std::basic_string<char,struct std::char_traits<char>,class std::allocator<char> > const ,int> > > > > > & __cdecl Statistics::getTopWords(int)" (?getTopWords@Statistics@@QEAAAEAV?$vector@V?$_Tree_iterator@V?$_Tree_val@U?$_Tree_simple_types@U?$pair@$$CBV?$basic_string@DU?$char_traits@D@std@@V?$allocator@D@2@@std@@H@std@@@std@@@std@@@std@@V?$allocator@V?$_Tree_iterator@V?$_Tree_val@U?$_Tree_simple_types@U?$pair@$$CBV?$basic_string@DU?$char_traits@D@std@@V?$allocator@D@2@@std@@H@std@@@std@@@std@@@std@@@2@@std@@H@Z)，该符号在函数 "public: void __cdecl WordCountUnitTest::UnitTest1::TestMethod1(void)" (?TestMethod1@UnitTest1@WordCountUnitTest@@QEAAXXZ) 中被引用
C:\Users\Administrator\Desktop\personal-project\Cplusplus\031602502\src\x64\Debug\WordCountUnitTest.dll : fatal error LNK1120: 6 个无法解析的外部命令
