LINK : warning LNK4075: 忽略“/INCREMENTAL”(由于“/LTCG”规范)
    正在创建库 E:\Users\lenovo\Source\repos\WordCount\Release\UnitTest1.lib 和对象 E:\Users\lenovo\Source\repos\WordCount\Release\UnitTest1.exp
unittest1.obj : error LNK2001: 无法解析的外部符号 "public: __thiscall Word::Word(class std::basic_string<char,struct std::char_traits<char>,class std::allocator<char> >)" (??0Word@@QAE@V?$basic_string@DU?$char_traits@D@std@@V?$allocator@D@2@@std@@@Z)
unittest1.obj : error LNK2001: 无法解析的外部符号 "public: void __thiscall Word::count(void)" (?count@Word@@QAEXXZ)
unittest1.obj : error LNK2001: 无法解析的外部符号 "public: int __thiscall Word::get(void)" (?get@Word@@QAEHXZ)
unittest1.obj : error LNK2001: 无法解析的外部符号 "public: __thiscall Line::Line(class std::basic_string<char,struct std::char_traits<char>,class std::allocator<char> >)" (??0Line@@QAE@V?$basic_string@DU?$char_traits@D@std@@V?$allocator@D@2@@std@@@Z)
unittest1.obj : error LNK2001: 无法解析的外部符号 "public: void __thiscall Line::count(void)" (?count@Line@@QAEXXZ)
unittest1.obj : error LNK2001: 无法解析的外部符号 "public: int __thiscall Line::get(void)" (?get@Line@@QAEHXZ)
unittest1.obj : error LNK2001: 无法解析的外部符号 "public: __thiscall Character::Character(class std::basic_string<char,struct std::char_traits<char>,class std::allocator<char> >)" (??0Character@@QAE@V?$basic_string@DU?$char_traits@D@std@@V?$allocator@D@2@@std@@@Z)
unittest1.obj : error LNK2001: 无法解析的外部符号 "public: void __thiscall Character::count(void)" (?count@Character@@QAEXXZ)
unittest1.obj : error LNK2001: 无法解析的外部符号 "public: int __thiscall Character::get(void)" (?get@Character@@QAEHXZ)
unittest1.obj : error LNK2001: 无法解析的外部符号 "public: __thiscall Wsort::Wsort(class std::basic_string<char,struct std::char_traits<char>,class std::allocator<char> >)" (??0Wsort@@QAE@V?$basic_string@DU?$char_traits@D@std@@V?$allocator@D@2@@std@@@Z)
unittest1.obj : error LNK2001: 无法解析的外部符号 "public: void __thiscall Wsort::CS(void)" (?CS@Wsort@@QAEXXZ)
unittest1.obj : error LNK2001: 无法解析的外部符号 "public: bool __thiscall Wsort::get_empty(void)" (?get_empty@Wsort@@QAE_NXZ)
unittest1.obj : error LNK2001: 无法解析的外部符号 "public: int __thiscall Wsort::get(void)" (?get@Wsort@@QAEHXZ)
E:\Users\lenovo\Source\repos\WordCount\Release\UnitTest1.dll : fatal error LNK1120: 13 个无法解析的外部命令
